/*C1*/SET SCHEMA SYSTEM_LOBS
INSERT INTO BLOCKS VALUES(0,2147483647,0)
COMMIT
/*C2*/SET SCHEMA PUBLIC
DISCONNECT
/*C3*/SET SCHEMA PUBLIC
create table Atleta (idAtleta bigint generated by default as identity (start with 1), cedula varchar(20), correoElectronico varchar(190), estado varchar(10), fechaNacimiento date, genero varchar(20), nombreCompleto varchar(150), telefono varchar(20), primary key (idAtleta))
create table IMAGES (ID varchar(32) not null, GALLERY varchar(32), image varbinary(16777216), primary key (ID))
create table Membresia (idMembresia bigint generated by default as identity (start with 1), estado varchar(15), fechaInicio date, fechaVencimiento date, atleta_idAtleta bigint, tipoMembresia_idTipoMembresia bigint, primary key (idMembresia))
create table OXDISCUSSIONCOMMENTS (id varchar(32) not null, "COMMENT" clob(16777216), discussionId varchar(32), time timestamp, userName varchar(30), primary key (id))
create table TipoMembresia (idTipoMembresia bigint generated by default as identity (start with 1), descripcion varchar(255), duracionDias integer, nombrePlan varchar(100), primary key (idTipoMembresia))
create table Usuario (idUsuario bigint generated by default as identity (start with 1), correo varchar(100), estado boolean not null, passwordHash varchar(255), rol varchar(20), username varchar(50), primary key (idUsuario))
alter table Atleta add constraint UK_5931sgu5pn1udhy7l3tkqcg1s unique (cedula)
create index IDXbhlx4vunn24ym1tbrlgq8g30m on OXDISCUSSIONCOMMENTS (discussionId)
alter table Usuario add constraint UK_471i15k6vbj1lfsfb19getcdi unique (username)
alter table Membresia add constraint FKl0eiben2sy2cybd5jcxn5p218 foreign key (atleta_idAtleta) references Atleta
alter table Membresia add constraint FKjntddtronjat60c6ybutvvj58 foreign key (tipoMembresia_idTipoMembresia) references TipoMembresia
INSERT INTO ATLETA VALUES(1,'1728921110','stefanjativa@gmail.com','Activo','2004-02-27','Masculino','Stefan Jativa','0999957571')
COMMIT
INSERT INTO TIPOMEMBRESIA VALUES(1,'1 mes de plan premium GYM ',30,'Plan Premium')
COMMIT
